# Logfile created on 2014-01-06 11:25:27 +0900 by logger.rb/36483
I, [2014-01-06T11:25:27.265416 #29003]  INFO -- : 0:  coffee-script-source (1.6.3) from /Users/ktsukuda/.rbenv/versions/2.0.0-p247/gemsets/inoreader-demo/specifications/coffee-script-source-1.6.3.gemspec
I, [2014-01-06T11:25:28.188226 #29003]  INFO -- : 0:  execjs (2.0.2) from /Users/ktsukuda/.rbenv/versions/2.0.0-p247/gemsets/inoreader-demo/specifications/execjs-2.0.2.gemspec
I, [2014-01-06T11:25:29.123544 #29003]  INFO -- : 0:  coffee-script (2.2.0) from /Users/ktsukuda/.rbenv/versions/2.0.0-p247/gemsets/inoreader-demo/specifications/coffee-script-2.2.0.gemspec
I, [2014-01-06T11:25:30.361430 #29003]  INFO -- : 0:  rack (1.5.2) from /Users/ktsukuda/.rbenv/versions/2.0.0-p247/gemsets/inoreader-demo/specifications/rack-1.5.2.gemspec
I, [2014-01-06T11:25:31.316031 #29003]  INFO -- : 0:  sinatra (1.0) from /Users/ktsukuda/.rbenv/versions/2.0.0-p247/gemsets/inoreader-demo/specifications/sinatra-1.0.gemspec
I, [2014-01-06T11:25:32.280457 #29003]  INFO -- : 0:  temple (0.6.7) from /Users/ktsukuda/.rbenv/versions/2.0.0-p247/gemsets/inoreader-demo/specifications/temple-0.6.7.gemspec
I, [2014-01-06T11:25:33.273042 #29003]  INFO -- : 0:  tilt (2.0.0) from /Users/ktsukuda/.rbenv/versions/2.0.0-p247/gemsets/inoreader-demo/specifications/tilt-2.0.0.gemspec
I, [2014-01-06T11:25:34.539078 #29003]  INFO -- : 0:  slim (2.0.2) from /Users/ktsukuda/.rbenv/versions/2.0.0-p247/gemsets/inoreader-demo/specifications/slim-2.0.2.gemspec
I, [2014-01-06T11:25:34.541083 #29003]  INFO -- : 0:  bundler (1.5.1) from /Users/ktsukuda/.rbenv/versions/2.0.0-p247/gemsets/inoreader-demo/specifications/bundler-1.5.1.gemspec
I, [2014-01-06T11:30:57.023251 #29642]  INFO -- : 0:  coffee-script-source (1.6.3) from /Users/ktsukuda/.rbenv/versions/2.0.0-p247/gemsets/inoreader-demo/specifications/coffee-script-source-1.6.3.gemspec
I, [2014-01-06T11:30:57.024654 #29642]  INFO -- : 0:  execjs (2.0.2) from /Users/ktsukuda/.rbenv/versions/2.0.0-p247/gemsets/inoreader-demo/specifications/execjs-2.0.2.gemspec
I, [2014-01-06T11:30:57.025661 #29642]  INFO -- : 0:  coffee-script (2.2.0) from /Users/ktsukuda/.rbenv/versions/2.0.0-p247/gemsets/inoreader-demo/specifications/coffee-script-2.2.0.gemspec
I, [2014-01-06T11:30:57.027257 #29642]  INFO -- : 0:  rack (1.5.2) from /Users/ktsukuda/.rbenv/versions/2.0.0-p247/gemsets/inoreader-demo/specifications/rack-1.5.2.gemspec
I, [2014-01-06T11:30:57.028092 #29642]  INFO -- : 0:  sinatra (1.0) from /Users/ktsukuda/.rbenv/versions/2.0.0-p247/gemsets/inoreader-demo/specifications/sinatra-1.0.gemspec
I, [2014-01-06T11:30:57.028685 #29642]  INFO -- : 0:  temple (0.6.7) from /Users/ktsukuda/.rbenv/versions/2.0.0-p247/gemsets/inoreader-demo/specifications/temple-0.6.7.gemspec
I, [2014-01-06T11:30:57.949019 #29642]  INFO -- : 0:  tilt (1.4.1) from /Users/ktsukuda/.rbenv/versions/2.0.0-p247/gemsets/inoreader-demo/specifications/tilt-1.4.1.gemspec
I, [2014-01-06T11:30:57.951363 #29642]  INFO -- : 0:  slim (2.0.2) from /Users/ktsukuda/.rbenv/versions/2.0.0-p247/gemsets/inoreader-demo/specifications/slim-2.0.2.gemspec
I, [2014-01-06T11:30:57.953115 #29642]  INFO -- : 0:  bundler (1.5.1) from /Users/ktsukuda/.rbenv/versions/2.0.0-p247/gemsets/inoreader-demo/specifications/bundler-1.5.1.gemspec
I, [2014-01-06T11:32:09.071442 #29896]  INFO -- : 0:  coffee-script-source (1.6.3) from /Users/ktsukuda/.rbenv/versions/2.0.0-p247/gemsets/inoreader-demo/specifications/coffee-script-source-1.6.3.gemspec
I, [2014-01-06T11:32:09.076125 #29896]  INFO -- : 0:  execjs (2.0.2) from /Users/ktsukuda/.rbenv/versions/2.0.0-p247/gemsets/inoreader-demo/specifications/execjs-2.0.2.gemspec
I, [2014-01-06T11:32:09.076701 #29896]  INFO -- : 0:  coffee-script (2.2.0) from /Users/ktsukuda/.rbenv/versions/2.0.0-p247/gemsets/inoreader-demo/specifications/coffee-script-2.2.0.gemspec
I, [2014-01-06T11:32:09.077082 #29896]  INFO -- : 0:  rack (1.5.2) from /Users/ktsukuda/.rbenv/versions/2.0.0-p247/gemsets/inoreader-demo/specifications/rack-1.5.2.gemspec
I, [2014-01-06T11:32:09.077442 #29896]  INFO -- : 0:  sinatra (1.0) from /Users/ktsukuda/.rbenv/versions/2.0.0-p247/gemsets/inoreader-demo/specifications/sinatra-1.0.gemspec
I, [2014-01-06T11:32:09.077845 #29896]  INFO -- : 0:  temple (0.6.7) from /Users/ktsukuda/.rbenv/versions/2.0.0-p247/gemsets/inoreader-demo/specifications/temple-0.6.7.gemspec
I, [2014-01-06T11:32:09.078240 #29896]  INFO -- : 0:  tilt (2.0.0) from /Users/ktsukuda/.rbenv/versions/2.0.0-p247/gemsets/inoreader-demo/specifications/tilt-2.0.0.gemspec
I, [2014-01-06T11:32:09.078597 #29896]  INFO -- : 0:  slim (2.0.2) from /Users/ktsukuda/.rbenv/versions/2.0.0-p247/gemsets/inoreader-demo/specifications/slim-2.0.2.gemspec
I, [2014-01-06T11:32:09.078931 #29896]  INFO -- : 0:  bundler (1.5.1) from /Users/ktsukuda/.rbenv/versions/2.0.0-p247/gemsets/inoreader-demo/specifications/bundler-1.5.1.gemspec
I, [2014-01-06T11:35:13.701800 #30360]  INFO -- : 0:  coffee-script-source (1.6.3) from /Users/ktsukuda/.rbenv/versions/2.0.0-p247/gemsets/inoreader-demo/specifications/coffee-script-source-1.6.3.gemspec
I, [2014-01-06T11:35:13.702429 #30360]  INFO -- : 0:  execjs (2.0.2) from /Users/ktsukuda/.rbenv/versions/2.0.0-p247/gemsets/inoreader-demo/specifications/execjs-2.0.2.gemspec
I, [2014-01-06T11:35:13.702825 #30360]  INFO -- : 0:  coffee-script (2.2.0) from /Users/ktsukuda/.rbenv/versions/2.0.0-p247/gemsets/inoreader-demo/specifications/coffee-script-2.2.0.gemspec
I, [2014-01-06T11:35:13.703199 #30360]  INFO -- : 0:  rack (1.5.2) from /Users/ktsukuda/.rbenv/versions/2.0.0-p247/gemsets/inoreader-demo/specifications/rack-1.5.2.gemspec
I, [2014-01-06T11:35:15.276002 #30360]  INFO -- : 0:  rack-protection (1.5.1) from /Users/ktsukuda/.rbenv/versions/2.0.0-p247/gemsets/inoreader-demo/specifications/rack-protection-1.5.1.gemspec
I, [2014-01-06T11:35:15.277038 #30360]  INFO -- : 0:  tilt (1.4.1) from /Users/ktsukuda/.rbenv/versions/2.0.0-p247/gemsets/inoreader-demo/specifications/tilt-1.4.1.gemspec
I, [2014-01-06T11:35:17.589686 #30360]  INFO -- : 0:  sinatra (1.4.4) from /Users/ktsukuda/.rbenv/versions/2.0.0-p247/gemsets/inoreader-demo/specifications/sinatra-1.4.4.gemspec
I, [2014-01-06T11:35:17.592963 #30360]  INFO -- : 0:  temple (0.6.7) from /Users/ktsukuda/.rbenv/versions/2.0.0-p247/gemsets/inoreader-demo/specifications/temple-0.6.7.gemspec
I, [2014-01-06T11:35:17.593594 #30360]  INFO -- : 0:  slim (2.0.2) from /Users/ktsukuda/.rbenv/versions/2.0.0-p247/gemsets/inoreader-demo/specifications/slim-2.0.2.gemspec
I, [2014-01-06T11:35:17.596215 #30360]  INFO -- : 0:  bundler (1.5.1) from /Users/ktsukuda/.rbenv/versions/2.0.0-p247/gemsets/inoreader-demo/specifications/bundler-1.5.1.gemspec
I, [2014-01-06T11:36:38.324904 #30553]  INFO -- : 0:  coffee-script-source (1.6.3) from /Users/ktsukuda/.rbenv/versions/2.0.0-p247/gemsets/inoreader-demo/specifications/coffee-script-source-1.6.3.gemspec
I, [2014-01-06T11:36:38.325501 #30553]  INFO -- : 0:  execjs (2.0.2) from /Users/ktsukuda/.rbenv/versions/2.0.0-p247/gemsets/inoreader-demo/specifications/execjs-2.0.2.gemspec
I, [2014-01-06T11:36:38.325896 #30553]  INFO -- : 0:  coffee-script (2.2.0) from /Users/ktsukuda/.rbenv/versions/2.0.0-p247/gemsets/inoreader-demo/specifications/coffee-script-2.2.0.gemspec
I, [2014-01-06T11:36:38.326269 #30553]  INFO -- : 0:  rack (1.5.2) from /Users/ktsukuda/.rbenv/versions/2.0.0-p247/gemsets/inoreader-demo/specifications/rack-1.5.2.gemspec
I, [2014-01-06T11:36:38.326669 #30553]  INFO -- : 0:  rack-protection (1.5.1) from /Users/ktsukuda/.rbenv/versions/2.0.0-p247/gemsets/inoreader-demo/specifications/rack-protection-1.5.1.gemspec
I, [2014-01-06T11:36:38.327279 #30553]  INFO -- : 0:  tilt (1.4.1) from /Users/ktsukuda/.rbenv/versions/2.0.0-p247/gemsets/inoreader-demo/specifications/tilt-1.4.1.gemspec
I, [2014-01-06T11:36:38.327860 #30553]  INFO -- : 0:  sinatra (1.4.4) from /Users/ktsukuda/.rbenv/versions/2.0.0-p247/gemsets/inoreader-demo/specifications/sinatra-1.4.4.gemspec
I, [2014-01-06T11:36:38.329024 #30553]  INFO -- : 0:  temple (0.6.7) from /Users/ktsukuda/.rbenv/versions/2.0.0-p247/gemsets/inoreader-demo/specifications/temple-0.6.7.gemspec
I, [2014-01-06T11:36:38.329563 #30553]  INFO -- : 0:  slim (2.0.2) from /Users/ktsukuda/.rbenv/versions/2.0.0-p247/gemsets/inoreader-demo/specifications/slim-2.0.2.gemspec
I, [2014-01-06T11:36:38.330322 #30553]  INFO -- : 0:  bundler (1.5.1) from /Users/ktsukuda/.rbenv/versions/2.0.0-p247/gemsets/inoreader-demo/specifications/bundler-1.5.1.gemspec
I, [2014-01-06T11:47:13.426546 #31181]  INFO -- : 0:  coffee-script-source (1.6.3) from /Users/ktsukuda/.rbenv/versions/2.0.0-p247/gemsets/inoreader-demo/specifications/coffee-script-source-1.6.3.gemspec
I, [2014-01-06T11:47:13.427406 #31181]  INFO -- : 0:  execjs (2.0.2) from /Users/ktsukuda/.rbenv/versions/2.0.0-p247/gemsets/inoreader-demo/specifications/execjs-2.0.2.gemspec
I, [2014-01-06T11:47:13.427861 #31181]  INFO -- : 0:  coffee-script (2.2.0) from /Users/ktsukuda/.rbenv/versions/2.0.0-p247/gemsets/inoreader-demo/specifications/coffee-script-2.2.0.gemspec
I, [2014-01-06T11:47:17.167929 #31181]  INFO -- : 0:  json (1.8.1) from /Users/ktsukuda/.rbenv/versions/2.0.0-p247/gemsets/inoreader-demo/specifications/json-1.8.1.gemspec
I, [2014-01-06T11:47:17.983254 #31181]  INFO -- : 0:  multi_xml (0.5.5) from /Users/ktsukuda/.rbenv/versions/2.0.0-p247/gemsets/inoreader-demo/specifications/multi_xml-0.5.5.gemspec
I, [2014-01-06T11:47:18.953041 #31181]  INFO -- : 0:  httparty (0.12.0) from /Users/ktsukuda/.rbenv/versions/2.0.0-p247/gemsets/inoreader-demo/specifications/httparty-0.12.0.gemspec
I, [2014-01-06T11:47:18.954860 #31181]  INFO -- : 0:  rack (1.5.2) from /Users/ktsukuda/.rbenv/versions/2.0.0-p247/gemsets/inoreader-demo/specifications/rack-1.5.2.gemspec
I, [2014-01-06T11:47:18.956010 #31181]  INFO -- : 0:  rack-protection (1.5.1) from /Users/ktsukuda/.rbenv/versions/2.0.0-p247/gemsets/inoreader-demo/specifications/rack-protection-1.5.1.gemspec
I, [2014-01-06T11:47:18.956936 #31181]  INFO -- : 0:  tilt (1.4.1) from /Users/ktsukuda/.rbenv/versions/2.0.0-p247/gemsets/inoreader-demo/specifications/tilt-1.4.1.gemspec
I, [2014-01-06T11:47:18.957381 #31181]  INFO -- : 0:  sinatra (1.4.4) from /Users/ktsukuda/.rbenv/versions/2.0.0-p247/gemsets/inoreader-demo/specifications/sinatra-1.4.4.gemspec
I, [2014-01-06T11:47:18.957772 #31181]  INFO -- : 0:  temple (0.6.7) from /Users/ktsukuda/.rbenv/versions/2.0.0-p247/gemsets/inoreader-demo/specifications/temple-0.6.7.gemspec
I, [2014-01-06T11:47:18.958165 #31181]  INFO -- : 0:  slim (2.0.2) from /Users/ktsukuda/.rbenv/versions/2.0.0-p247/gemsets/inoreader-demo/specifications/slim-2.0.2.gemspec
I, [2014-01-06T11:47:18.958539 #31181]  INFO -- : 0:  bundler (1.5.1) from /Users/ktsukuda/.rbenv/versions/2.0.0-p247/gemsets/inoreader-demo/specifications/bundler-1.5.1.gemspec
I, [2014-01-06T12:41:47.260256 #37070]  INFO -- : 0:  coffee-script-source (1.6.3) from /Users/ktsukuda/.rbenv/versions/2.0.0-p247/gemsets/inoreader-demo/specifications/coffee-script-source-1.6.3.gemspec
I, [2014-01-06T12:41:47.261117 #37070]  INFO -- : 0:  execjs (2.0.2) from /Users/ktsukuda/.rbenv/versions/2.0.0-p247/gemsets/inoreader-demo/specifications/execjs-2.0.2.gemspec
I, [2014-01-06T12:41:47.261550 #37070]  INFO -- : 0:  coffee-script (2.2.0) from /Users/ktsukuda/.rbenv/versions/2.0.0-p247/gemsets/inoreader-demo/specifications/coffee-script-2.2.0.gemspec
I, [2014-01-06T12:41:47.261961 #37070]  INFO -- : 0:  json (1.8.1) from /Users/ktsukuda/.rbenv/versions/2.0.0-p247/gemsets/inoreader-demo/specifications/json-1.8.1.gemspec
I, [2014-01-06T12:41:47.262521 #37070]  INFO -- : 0:  multi_xml (0.5.5) from /Users/ktsukuda/.rbenv/versions/2.0.0-p247/gemsets/inoreader-demo/specifications/multi_xml-0.5.5.gemspec
I, [2014-01-06T12:41:47.262984 #37070]  INFO -- : 0:  httparty (0.12.0) from /Users/ktsukuda/.rbenv/versions/2.0.0-p247/gemsets/inoreader-demo/specifications/httparty-0.12.0.gemspec
I, [2014-01-06T12:41:47.263621 #37070]  INFO -- : 0:  rack (1.5.2) from /Users/ktsukuda/.rbenv/versions/2.0.0-p247/gemsets/inoreader-demo/specifications/rack-1.5.2.gemspec
I, [2014-01-06T12:41:47.263997 #37070]  INFO -- : 0:  rack-protection (1.5.1) from /Users/ktsukuda/.rbenv/versions/2.0.0-p247/gemsets/inoreader-demo/specifications/rack-protection-1.5.1.gemspec
I, [2014-01-06T12:41:48.313440 #37070]  INFO -- : 0:  shotgun (0.9) from /Users/ktsukuda/.rbenv/versions/2.0.0-p247/gemsets/inoreader-demo/specifications/shotgun-0.9.gemspec
I, [2014-01-06T12:41:48.315292 #37070]  INFO -- : 0:  tilt (1.4.1) from /Users/ktsukuda/.rbenv/versions/2.0.0-p247/gemsets/inoreader-demo/specifications/tilt-1.4.1.gemspec
I, [2014-01-06T12:41:48.316135 #37070]  INFO -- : 0:  sinatra (1.4.4) from /Users/ktsukuda/.rbenv/versions/2.0.0-p247/gemsets/inoreader-demo/specifications/sinatra-1.4.4.gemspec
I, [2014-01-06T12:41:48.317197 #37070]  INFO -- : 0:  temple (0.6.7) from /Users/ktsukuda/.rbenv/versions/2.0.0-p247/gemsets/inoreader-demo/specifications/temple-0.6.7.gemspec
I, [2014-01-06T12:41:48.317972 #37070]  INFO -- : 0:  slim (2.0.2) from /Users/ktsukuda/.rbenv/versions/2.0.0-p247/gemsets/inoreader-demo/specifications/slim-2.0.2.gemspec
I, [2014-01-06T12:41:48.318593 #37070]  INFO -- : 0:  bundler (1.5.1) from /Users/ktsukuda/.rbenv/versions/2.0.0-p247/gemsets/inoreader-demo/specifications/bundler-1.5.1.gemspec
I, [2014-01-06T14:46:05.255561 #41611]  INFO -- : 0:  coffee-script-source (1.6.3) from /Users/ktsukuda/.rbenv/versions/2.0.0-p247/gemsets/inoreader-demo/specifications/coffee-script-source-1.6.3.gemspec
I, [2014-01-06T14:46:05.256376 #41611]  INFO -- : 0:  execjs (2.0.2) from /Users/ktsukuda/.rbenv/versions/2.0.0-p247/gemsets/inoreader-demo/specifications/execjs-2.0.2.gemspec
I, [2014-01-06T14:46:05.257872 #41611]  INFO -- : 0:  coffee-script (2.2.0) from /Users/ktsukuda/.rbenv/versions/2.0.0-p247/gemsets/inoreader-demo/specifications/coffee-script-2.2.0.gemspec
I, [2014-01-06T14:46:05.258643 #41611]  INFO -- : 0:  json (1.8.1) from /Users/ktsukuda/.rbenv/versions/2.0.0-p247/gemsets/inoreader-demo/specifications/json-1.8.1.gemspec
I, [2014-01-06T14:46:05.259012 #41611]  INFO -- : 0:  multi_xml (0.5.5) from /Users/ktsukuda/.rbenv/versions/2.0.0-p247/gemsets/inoreader-demo/specifications/multi_xml-0.5.5.gemspec
I, [2014-01-06T14:46:05.259372 #41611]  INFO -- : 0:  httparty (0.12.0) from /Users/ktsukuda/.rbenv/versions/2.0.0-p247/gemsets/inoreader-demo/specifications/httparty-0.12.0.gemspec
I, [2014-01-06T14:46:05.259702 #41611]  INFO -- : 0:  rack (1.5.2) from /Users/ktsukuda/.rbenv/versions/2.0.0-p247/gemsets/inoreader-demo/specifications/rack-1.5.2.gemspec
I, [2014-01-06T14:46:05.260043 #41611]  INFO -- : 0:  rack-protection (1.5.1) from /Users/ktsukuda/.rbenv/versions/2.0.0-p247/gemsets/inoreader-demo/specifications/rack-protection-1.5.1.gemspec
I, [2014-01-06T14:46:05.260389 #41611]  INFO -- : 0:  shotgun (0.9) from /Users/ktsukuda/.rbenv/versions/2.0.0-p247/gemsets/inoreader-demo/specifications/shotgun-0.9.gemspec
I, [2014-01-06T14:46:05.260737 #41611]  INFO -- : 0:  tilt (1.4.1) from /Users/ktsukuda/.rbenv/versions/2.0.0-p247/gemsets/inoreader-demo/specifications/tilt-1.4.1.gemspec
I, [2014-01-06T14:46:05.261174 #41611]  INFO -- : 0:  sinatra (1.4.4) from /Users/ktsukuda/.rbenv/versions/2.0.0-p247/gemsets/inoreader-demo/specifications/sinatra-1.4.4.gemspec
I, [2014-01-06T14:46:05.261526 #41611]  INFO -- : 0:  temple (0.6.7) from /Users/ktsukuda/.rbenv/versions/2.0.0-p247/gemsets/inoreader-demo/specifications/temple-0.6.7.gemspec
I, [2014-01-06T14:46:05.261853 #41611]  INFO -- : 0:  slim (2.0.2) from /Users/ktsukuda/.rbenv/versions/2.0.0-p247/gemsets/inoreader-demo/specifications/slim-2.0.2.gemspec
I, [2014-01-06T14:46:05.262179 #41611]  INFO -- : 0:  bundler (1.5.1) from /Users/ktsukuda/.rbenv/versions/2.0.0-p247/gemsets/inoreader-demo/specifications/bundler-1.5.1.gemspec
I, [2014-01-06T16:38:14.958048 #46008]  INFO -- : 0:  backports (3.4.0) from /Users/ktsukuda/.rbenv/versions/2.0.0-p247/gemsets/inoreader-demo/specifications/backports-3.4.0.gemspec
I, [2014-01-06T16:38:14.958650 #46008]  INFO -- : 0:  coffee-script-source (1.6.3) from /Users/ktsukuda/.rbenv/versions/2.0.0-p247/gemsets/inoreader-demo/specifications/coffee-script-source-1.6.3.gemspec
I, [2014-01-06T16:38:14.959037 #46008]  INFO -- : 0:  execjs (2.0.2) from /Users/ktsukuda/.rbenv/versions/2.0.0-p247/gemsets/inoreader-demo/specifications/execjs-2.0.2.gemspec
I, [2014-01-06T16:38:14.959443 #46008]  INFO -- : 0:  coffee-script (2.2.0) from /Users/ktsukuda/.rbenv/versions/2.0.0-p247/gemsets/inoreader-demo/specifications/coffee-script-2.2.0.gemspec
I, [2014-01-06T16:38:14.960230 #46008]  INFO -- : 0:  json (1.8.1) from /Users/ktsukuda/.rbenv/versions/2.0.0-p247/gemsets/inoreader-demo/specifications/json-1.8.1.gemspec
I, [2014-01-06T16:38:14.960957 #46008]  INFO -- : 0:  multi_xml (0.5.5) from /Users/ktsukuda/.rbenv/versions/2.0.0-p247/gemsets/inoreader-demo/specifications/multi_xml-0.5.5.gemspec
I, [2014-01-06T16:38:14.961623 #46008]  INFO -- : 0:  httparty (0.12.0) from /Users/ktsukuda/.rbenv/versions/2.0.0-p247/gemsets/inoreader-demo/specifications/httparty-0.12.0.gemspec
I, [2014-01-06T16:38:15.874725 #46008]  INFO -- : 0:  multi_json (1.8.2) from /Users/ktsukuda/.rbenv/versions/2.0.0-p247/gemsets/inoreader-demo/specifications/multi_json-1.8.2.gemspec
I, [2014-01-06T16:38:15.876087 #46008]  INFO -- : 0:  rack (1.5.2) from /Users/ktsukuda/.rbenv/versions/2.0.0-p247/gemsets/inoreader-demo/specifications/rack-1.5.2.gemspec
I, [2014-01-06T16:38:15.876876 #46008]  INFO -- : 0:  rack-protection (1.5.1) from /Users/ktsukuda/.rbenv/versions/2.0.0-p247/gemsets/inoreader-demo/specifications/rack-protection-1.5.1.gemspec
I, [2014-01-06T16:38:17.005091 #46008]  INFO -- : 0:  rack-test (0.6.2) from /Users/ktsukuda/.rbenv/versions/2.0.0-p247/gemsets/inoreader-demo/specifications/rack-test-0.6.2.gemspec
I, [2014-01-06T16:38:17.009994 #46008]  INFO -- : 0:  shotgun (0.9) from /Users/ktsukuda/.rbenv/versions/2.0.0-p247/gemsets/inoreader-demo/specifications/shotgun-0.9.gemspec
I, [2014-01-06T16:38:17.010821 #46008]  INFO -- : 0:  tilt (1.4.1) from /Users/ktsukuda/.rbenv/versions/2.0.0-p247/gemsets/inoreader-demo/specifications/tilt-1.4.1.gemspec
I, [2014-01-06T16:38:17.011444 #46008]  INFO -- : 0:  sinatra (1.4.4) from /Users/ktsukuda/.rbenv/versions/2.0.0-p247/gemsets/inoreader-demo/specifications/sinatra-1.4.4.gemspec
I, [2014-01-06T16:38:17.973615 #46008]  INFO -- : 0:  sinatra-contrib (1.4.2) from /Users/ktsukuda/.rbenv/versions/2.0.0-p247/gemsets/inoreader-demo/specifications/sinatra-contrib-1.4.2.gemspec
I, [2014-01-06T16:38:17.974250 #46008]  INFO -- : 0:  temple (0.6.7) from /Users/ktsukuda/.rbenv/versions/2.0.0-p247/gemsets/inoreader-demo/specifications/temple-0.6.7.gemspec
I, [2014-01-06T16:38:17.974655 #46008]  INFO -- : 0:  slim (2.0.2) from /Users/ktsukuda/.rbenv/versions/2.0.0-p247/gemsets/inoreader-demo/specifications/slim-2.0.2.gemspec
I, [2014-01-06T16:38:17.975027 #46008]  INFO -- : 0:  bundler (1.5.1) from /Users/ktsukuda/.rbenv/versions/2.0.0-p247/gemsets/inoreader-demo/specifications/bundler-1.5.1.gemspec
